2001:6a8:3420:1000:2c9e:ff1d:520c:5df8 - - [24/Nov/2015:09:16:43 +0000] "GET / HTTP/1.1" 200 354 "-" "WWW-Mechanize/1.0.0 (http://rubyforge.org/projects/mechanize/)"
::1 - - [24/Nov/2015:11:09:38 +0000] "GET /api/restaurants HTTP/1.1" 404 28 "-" "Mozilla/5.0 (Windows NT 6.3; WOW64) AppleWebKit/537.36 (KHTML, like Gecko) Chrome/42.0.0.10338 Safari/537.36"
::1 - - [24/Nov/2015:11:09:38 +0000] "GET /favicon.ico HTTP/1.1" 404 24 "http://localhost/api/restaurants" "Mozilla/5.0 (Windows NT 6.3; WOW64) AppleWebKit/537.36 (KHTML, like Gecko) Chrome/42.0.0.10338 Safari/537.36"
::1 - - [24/Nov/2015:11:10:27 +0000] "GET /api/restaurants HTTP/1.1" 404 28 "-" "Mozilla/5.0 (Windows NT 6.3; WOW64) AppleWebKit/537.36 (KHTML, like Gecko) Chrome/42.0.0.10338 Safari/537.36"
::1 - - [24/Nov/2015:11:10:29 +0000] "GET /api/restaurants HTTP/1.1" 404 28 "-" "Mozilla/5.0 (Windows NT 6.3; WOW64) AppleWebKit/537.36 (KHTML, like Gecko) Chrome/42.0.0.10338 Safari/537.36"
::1 - - [24/Nov/2015:11:10:30 +0000] "GET /api/restaurants HTTP/1.1" 404 28 "-" "Mozilla/5.0 (Windows NT 6.3; WOW64) AppleWebKit/537.36 (KHTML, like Gecko) Chrome/42.0.0.10338 Safari/537.36"
::1 - - [24/Nov/2015:11:10:30 +0000] "GET /api/restaurants HTTP/1.1" 404 28 "-" "Mozilla/5.0 (Windows NT 6.3; WOW64) AppleWebKit/537.36 (KHTML, like Gecko) Chrome/42.0.0.10338 Safari/537.36"
::1 - - [24/Nov/2015:11:10:30 +0000] "GET /api/restaurants HTTP/1.1" 404 28 "-" "Mozilla/5.0 (Windows NT 6.3; WOW64) AppleWebKit/537.36 (KHTML, like Gecko) Chrome/42.0.0.10338 Safari/537.36"
::1 - - [24/Nov/2015:11:10:31 +0000] "GET /api/restaurants HTTP/1.1" 404 28 "-" "Mozilla/5.0 (Windows NT 6.3; WOW64) AppleWebKit/537.36 (KHTML, like Gecko) Chrome/42.0.0.10338 Safari/537.36"
::1 - - [24/Nov/2015:11:10:31 +0000] "GET /api/restaurants HTTP/1.1" 404 28 "-" "Mozilla/5.0 (Windows NT 6.3; WOW64) AppleWebKit/537.36 (KHTML, like Gecko) Chrome/42.0.0.10338 Safari/537.36"
::1 - - [24/Nov/2015:11:10:31 +0000] "GET /api/restaurants HTTP/1.1" 404 28 "-" "Mozilla/5.0 (Windows NT 6.3; WOW64) AppleWebKit/537.36 (KHTML, like Gecko) Chrome/42.0.0.10338 Safari/537.36"
::1 - - [24/Nov/2015:11:10:31 +0000] "GET /api/restaurants HTTP/1.1" 404 28 "-" "Mozilla/5.0 (Windows NT 6.3; WOW64) AppleWebKit/537.36 (KHTML, like Gecko) Chrome/42.0.0.10338 Safari/537.36"
::1 - - [24/Nov/2015:11:10:31 +0000] "GET /api/restaurants HTTP/1.1" 404 28 "-" "Mozilla/5.0 (Windows NT 6.3; WOW64) AppleWebKit/537.36 (KHTML, like Gecko) Chrome/42.0.0.10338 Safari/537.36"
::1 - - [24/Nov/2015:11:10:32 +0000] "GET /api/restaurants HTTP/1.1" 404 28 "-" "Mozilla/5.0 (Windows NT 6.3; WOW64) AppleWebKit/537.36 (KHTML, like Gecko) Chrome/42.0.0.10338 Safari/537.36"
::1 - - [24/Nov/2015:11:10:32 +0000] "GET /api/restaurants HTTP/1.1" 404 28 "-" "Mozilla/5.0 (Windows NT 6.3; WOW64) AppleWebKit/537.36 (KHTML, like Gecko) Chrome/42.0.0.10338 Safari/537.36"
::1 - - [24/Nov/2015:11:17:33 +0000] "GET /api/restaurants HTTP/1.1" 200 691 "-" "Mozilla/5.0 (Windows NT 6.3; WOW64) AppleWebKit/537.36 (KHTML, like Gecko) Chrome/42.0.0.10338 Safari/537.36"
::1 - - [24/Nov/2015:11:18:03 +0000] "GET /api/restaurants HTTP/1.1" 200 691 "-" "Mozilla/5.0 (Windows NT 6.3; WOW64) AppleWebKit/537.36 (KHTML, like Gecko) Chrome/42.0.0.10338 Safari/537.36"
::1 - - [24/Nov/2015:12:38:48 +0000] "GET /api/restaurants HTTP/1.1" 200 691 "-" "Mozilla/5.0 (Windows NT 6.3; WOW64) AppleWebKit/537.36 (KHTML, like Gecko) Chrome/42.0.0.10338 Safari/537.36"
::1 - - [24/Nov/2015:12:59:56 +0000] "GET /api/restaurants HTTP/1.1" 500 1997 "-" "Mozilla/5.0 (Windows NT 6.3; WOW64) AppleWebKit/537.36 (KHTML, like Gecko) Chrome/42.0.0.10338 Safari/537.36"
::1 - - [24/Nov/2015:13:00:51 +0000] "GET /api/restaurants HTTP/1.1" 404 28 "-" "Mozilla/5.0 (Windows NT 6.3; WOW64) AppleWebKit/537.36 (KHTML, like Gecko) Chrome/42.0.0.10338 Safari/537.36"
::1 - - [24/Nov/2015:13:00:52 +0000] "GET /api/restaurants HTTP/1.1" 404 28 "-" "Mozilla/5.0 (Windows NT 6.3; WOW64) AppleWebKit/537.36 (KHTML, like Gecko) Chrome/42.0.0.10338 Safari/537.36"
::1 - - [24/Nov/2015:13:06:00 +0000] "GET /api/restaurants HTTP/1.1" 404 28 "-" "Mozilla/5.0 (Windows NT 6.3; WOW64) AppleWebKit/537.36 (KHTML, like Gecko) Chrome/42.0.0.10338 Safari/537.36"
::1 - - [24/Nov/2015:13:06:52 +0000] "GET /api/restaurants HTTP/1.1" 404 28 "-" "Mozilla/5.0 (Windows NT 6.3; WOW64) AppleWebKit/537.36 (KHTML, like Gecko) Chrome/42.0.0.10338 Safari/537.36"
::1 - - [24/Nov/2015:13:06:53 +0000] "GET /api/restaurants HTTP/1.1" 404 28 "-" "Mozilla/5.0 (Windows NT 6.3; WOW64) AppleWebKit/537.36 (KHTML, like Gecko) Chrome/42.0.0.10338 Safari/537.36"
::1 - - [24/Nov/2015:13:06:54 +0000] "GET /api/restaurants HTTP/1.1" 404 28 "-" "Mozilla/5.0 (Windows NT 6.3; WOW64) AppleWebKit/537.36 (KHTML, like Gecko) Chrome/42.0.0.10338 Safari/537.36"
::1 - - [24/Nov/2015:13:06:54 +0000] "GET /api/restaurants HTTP/1.1" 404 28 "-" "Mozilla/5.0 (Windows NT 6.3; WOW64) AppleWebKit/537.36 (KHTML, like Gecko) Chrome/42.0.0.10338 Safari/537.36"
::1 - - [24/Nov/2015:13:07:34 +0000] "GET /api/restaurants HTTP/1.1" 404 28 "-" "Mozilla/5.0 (Windows NT 6.3; WOW64) AppleWebKit/537.36 (KHTML, like Gecko) Chrome/42.0.0.10338 Safari/537.36"
::1 - - [24/Nov/2015:13:07:35 +0000] "GET /api/restaurants HTTP/1.1" 404 28 "-" "Mozilla/5.0 (Windows NT 6.3; WOW64) AppleWebKit/537.36 (KHTML, like Gecko) Chrome/42.0.0.10338 Safari/537.36"
::1 - - [24/Nov/2015:13:08:58 +0000] "GET /api/restaurants HTTP/1.1" 200 37 "-" "Mozilla/5.0 (Windows NT 6.3; WOW64) AppleWebKit/537.36 (KHTML, like Gecko) Chrome/42.0.0.10338 Safari/537.36"
::1 - - [24/Nov/2015:14:24:29 +0000] "GET /api/restaurants HTTP/1.1" 200 691 "-" "Mozilla/5.0 (Windows NT 6.3; WOW64) AppleWebKit/537.36 (KHTML, like Gecko) Chrome/42.0.0.10338 Safari/537.36"
::1 - - [24/Nov/2015:14:40:48 +0000] "GET /api/restaurants HTTP/1.1" 200 691 "-" "Mozilla/5.0 (Windows NT 6.3; WOW64) AppleWebKit/537.36 (KHTML, like Gecko) Chrome/42.0.0.10338 Safari/537.36"
::1 - - [24/Nov/2015:14:41:09 +0000] "GET /api/restaurants/565440be9a74fe0a2b56c1b0 HTTP/1.1" 500 2202 "-" "Mozilla/5.0 (Windows NT 6.3; WOW64) AppleWebKit/537.36 (KHTML, like Gecko) Chrome/42.0.0.10338 Safari/537.36"
::1 - - [24/Nov/2015:14:43:40 +0000] "GET /api/restaurants HTTP/1.1" 200 691 "-" "Mozilla/5.0 (Windows NT 6.3; WOW64) AppleWebKit/537.36 (KHTML, like Gecko) Chrome/42.0.0.10338 Safari/537.36"
::1 - - [24/Nov/2015:14:43:50 +0000] "GET /api/restaurants/ HTTP/1.1" 200 691 "-" "Mozilla/5.0 (Windows NT 6.3; WOW64) AppleWebKit/537.36 (KHTML, like Gecko) Chrome/42.0.0.10338 Safari/537.36"
::1 - - [24/Nov/2015:14:43:58 +0000] "GET /api/restaurants/565440be9a74fe0a2b56c1b0 HTTP/1.1" 404 53 "-" "Mozilla/5.0 (Windows NT 6.3; WOW64) AppleWebKit/537.36 (KHTML, like Gecko) Chrome/42.0.0.10338 Safari/537.36"
::1 - - [24/Nov/2015:14:54:28 +0000] "GET /api/restaurants/565440be9a74fe0a2b56c1b0 HTTP/1.1" 200 232 "-" "Mozilla/5.0 (Windows NT 6.3; WOW64) AppleWebKit/537.36 (KHTML, like Gecko) Chrome/42.0.0.10338 Safari/537.36"
::1 - - [24/Nov/2015:14:56:08 +0000] "GET /api/restaurants HTTP/1.1" 304 - "-" "Mozilla/5.0 (Windows NT 6.3; WOW64) AppleWebKit/537.36 (KHTML, like Gecko) Chrome/42.0.0.10338 Safari/537.36"
::1 - - [24/Nov/2015:14:56:09 +0000] "GET /api/restaurants HTTP/1.1" 304 - "-" "Mozilla/5.0 (Windows NT 6.3; WOW64) AppleWebKit/537.36 (KHTML, like Gecko) Chrome/42.0.0.10338 Safari/537.36"
::1 - - [24/Nov/2015:14:56:25 +0000] "GET /api/restaurants/565440be9a74fe0a2b56c1b0 HTTP/1.1" 200 232 "-" "Mozilla/5.0 (Windows NT 6.3; WOW64) AppleWebKit/537.36 (KHTML, like Gecko) Chrome/42.0.0.10338 Safari/537.36"
::1 - - [25/Nov/2015:08:01:58 +0000] "GET /api/restaurants/ HTTP/1.1" 200 691 "-" "Mozilla/5.0 (Windows NT 6.3; WOW64) AppleWebKit/537.36 (KHTML, like Gecko) Chrome/42.0.0.10338 Safari/537.36"
::1 - - [25/Nov/2015:08:04:44 +0000] "GET /api/restaurants/ HTTP/1.1" 200 691 "-" "Mozilla/5.0 (Windows NT 6.3; WOW64) AppleWebKit/537.36 (KHTML, like Gecko) Chrome/42.0.0.10338 Safari/537.36"
::1 - - [25/Nov/2015:08:14:59 +0000] "GET /api/restaurants/ HTTP/1.1" 200 691 "-" "Mozilla/5.0 (Windows NT 6.3; WOW64) AppleWebKit/537.36 (KHTML, like Gecko) Chrome/42.0.0.10338 Safari/537.36"
::1 - - [25/Nov/2015:08:18:50 +0000] "GET /api/restaurants/Name/Miia HTTP/1.1" 404 38 "-" "Mozilla/5.0 (Windows NT 6.3; WOW64) AppleWebKit/537.36 (KHTML, like Gecko) Chrome/42.0.0.10338 Safari/537.36"
::1 - - [25/Nov/2015:08:18:57 +0000] "GET /api/restaurants/name/Miia HTTP/1.1" 404 38 "-" "Mozilla/5.0 (Windows NT 6.3; WOW64) AppleWebKit/537.36 (KHTML, like Gecko) Chrome/42.0.0.10338 Safari/537.36"
::1 - - [25/Nov/2015:08:19:30 +0000] "GET /api/restaurants/name/miia HTTP/1.1" 404 38 "-" "Mozilla/5.0 (Windows NT 6.3; WOW64) AppleWebKit/537.36 (KHTML, like Gecko) Chrome/42.0.0.10338 Safari/537.36"
::1 - - [25/Nov/2015:08:19:38 +0000] "GET /api/restaurants/Name/miia HTTP/1.1" 404 38 "-" "Mozilla/5.0 (Windows NT 6.3; WOW64) AppleWebKit/537.36 (KHTML, like Gecko) Chrome/42.0.0.10338 Safari/537.36"
::1 - - [25/Nov/2015:08:19:47 +0000] "GET /api/restaurants/ HTTP/1.1" 200 691 "-" "Mozilla/5.0 (Windows NT 6.3; WOW64) AppleWebKit/537.36 (KHTML, like Gecko) Chrome/42.0.0.10338 Safari/537.36"
::1 - - [25/Nov/2015:08:21:26 +0000] "GET /api/restaurants/Name/miia HTTP/1.1" 404 38 "-" "Mozilla/5.0 (Windows NT 6.3; WOW64) AppleWebKit/537.36 (KHTML, like Gecko) Chrome/42.0.0.10338 Safari/537.36"
::1 - - [25/Nov/2015:08:21:27 +0000] "GET /api/restaurants/Name/miia HTTP/1.1" 404 38 "-" "Mozilla/5.0 (Windows NT 6.3; WOW64) AppleWebKit/537.36 (KHTML, like Gecko) Chrome/42.0.0.10338 Safari/537.36"
::1 - - [25/Nov/2015:08:21:36 +0000] "GET /api/restaurants/name/miia HTTP/1.1" 404 38 "-" "Mozilla/5.0 (Windows NT 6.3; WOW64) AppleWebKit/537.36 (KHTML, like Gecko) Chrome/42.0.0.10338 Safari/537.36"
::1 - - [25/Nov/2015:08:21:37 +0000] "GET /api/restaurants/name/miia HTTP/1.1" 404 38 "-" "Mozilla/5.0 (Windows NT 6.3; WOW64) AppleWebKit/537.36 (KHTML, like Gecko) Chrome/42.0.0.10338 Safari/537.36"
::1 - - [25/Nov/2015:08:22:10 +0000] "GET /api/restaurants/name/miia HTTP/1.1" 200 4 "-" "Mozilla/5.0 (Windows NT 6.3; WOW64) AppleWebKit/537.36 (KHTML, like Gecko) Chrome/42.0.0.10338 Safari/537.36"
::1 - - [25/Nov/2015:08:22:11 +0000] "GET /api/restaurants/name/miia HTTP/1.1" 200 4 "-" "Mozilla/5.0 (Windows NT 6.3; WOW64) AppleWebKit/537.36 (KHTML, like Gecko) Chrome/42.0.0.10338 Safari/537.36"
::1 - - [25/Nov/2015:08:22:16 +0000] "GET /api/restaurants/Name/miia HTTP/1.1" 200 226 "-" "Mozilla/5.0 (Windows NT 6.3; WOW64) AppleWebKit/537.36 (KHTML, like Gecko) Chrome/42.0.0.10338 Safari/537.36"
::1 - - [25/Nov/2015:08:32:09 +0000] "POST /api/restaurants/ HTTP/1.1" 500 2216 "-" "Mozilla/5.0 (Windows NT 6.3; WOW64) AppleWebKit/537.36 (KHTML, like Gecko) Chrome/42.0.0.10338 Safari/537.36"
::1 - - [25/Nov/2015:08:57:00 +0000] "POST /api/restaurants/ HTTP/1.1" 500 2248 "-" "Mozilla/5.0 (Windows NT 6.3; WOW64) AppleWebKit/537.36 (KHTML, like Gecko) Chrome/42.0.0.10338 Safari/537.36"
::1 - - [25/Nov/2015:09:03:00 +0000] "POST /api/restaurants/ HTTP/1.1" - - "-" "Mozilla/5.0 (Windows NT 6.3; WOW64) AppleWebKit/537.36 (KHTML, like Gecko) Chrome/42.0.0.10338 Safari/537.36"
::1 - - [25/Nov/2015:09:03:24 +0000] "POST /api/restaurants/ HTTP/1.1" - - "-" "Mozilla/5.0 (Windows NT 6.3; WOW64) AppleWebKit/537.36 (KHTML, like Gecko) Chrome/42.0.0.10338 Safari/537.36"
::1 - - [25/Nov/2015:09:04:55 +0000] "POST /api/restaurants/ HTTP/1.1" - - "-" "Mozilla/5.0 (Windows NT 6.3; WOW64) AppleWebKit/537.36 (KHTML, like Gecko) Chrome/42.0.0.10338 Safari/537.36"
::1 - - [25/Nov/2015:09:05:56 +0000] "POST /api/restaurants/ HTTP/1.1" - - "-" "Mozilla/5.0 (Windows NT 6.3; WOW64) AppleWebKit/537.36 (KHTML, like Gecko) Chrome/42.0.0.10338 Safari/537.36"
::1 - - [25/Nov/2015:09:06:10 +0000] "POST /api/restaurants/ HTTP/1.1" - - "-" "Mozilla/5.0 (Windows NT 6.3; WOW64) AppleWebKit/537.36 (KHTML, like Gecko) Chrome/42.0.0.10338 Safari/537.36"
::1 - - [25/Nov/2015:09:06:34 +0000] "POST /api/restaurants/ HTTP/1.1" - - "-" "Mozilla/5.0 (Windows NT 6.3; WOW64) AppleWebKit/537.36 (KHTML, like Gecko) Chrome/42.0.0.10338 Safari/537.36"
::1 - - [25/Nov/2015:09:06:37 +0000] "GET /api/restaurants/ HTTP/1.1" 200 691 "-" "Mozilla/5.0 (Windows NT 6.3; WOW64) AppleWebKit/537.36 (KHTML, like Gecko) Chrome/42.0.0.10338 Safari/537.36"
::1 - - [25/Nov/2015:09:08:00 +0000] "POST /api/restaurants/ HTTP/1.1" - - "-" "Mozilla/5.0 (Windows NT 6.3; WOW64) AppleWebKit/537.36 (KHTML, like Gecko) Chrome/42.0.0.10338 Safari/537.36"
::1 - - [25/Nov/2015:09:09:06 +0000] "POST /api/restaurants/ HTTP/1.1" 200 38 "-" "Mozilla/5.0 (Windows NT 6.3; WOW64) AppleWebKit/537.36 (KHTML, like Gecko) Chrome/42.0.0.10338 Safari/537.36"
::1 - - [25/Nov/2015:09:59:30 +0000] "POST /api/restaurants/ HTTP/1.1" 500 2213 "-" "Mozilla/5.0 (Windows NT 6.3; WOW64) AppleWebKit/537.36 (KHTML, like Gecko) Chrome/42.0.0.10338 Safari/537.36"
::1 - - [25/Nov/2015:10:00:20 +0000] "POST /api/restaurants/ HTTP/1.1" 200 38 "-" "Mozilla/5.0 (Windows NT 6.3; WOW64) AppleWebKit/537.36 (KHTML, like Gecko) Chrome/42.0.0.10338 Safari/537.36"
::1 - - [25/Nov/2015:10:00:45 +0000] "POST /api/restaurants/ HTTP/1.1" 200 38 "-" "Mozilla/5.0 (Windows NT 6.3; WOW64) AppleWebKit/537.36 (KHTML, like Gecko) Chrome/42.0.0.10338 Safari/537.36"
::1 - - [25/Nov/2015:10:00:49 +0000] "GET /api/restaurants/ HTTP/1.1" 200 1164 "-" "Mozilla/5.0 (Windows NT 6.3; WOW64) AppleWebKit/537.36 (KHTML, like Gecko) Chrome/42.0.0.10338 Safari/537.36"
::1 - - [25/Nov/2015:10:10:39 +0000] "DELETE /api/restaurants/565440be9a74fe0a2b56c1b0 HTTP/1.1" 404 56 "-" "Mozilla/5.0 (Windows NT 6.3; WOW64) AppleWebKit/537.36 (KHTML, like Gecko) Chrome/42.0.0.10338 Safari/537.36"
::1 - - [25/Nov/2015:10:11:22 +0000] "DELETE /api/restaurants/565440be9a74fe0a2b56c1b0 HTTP/1.1" 404 56 "-" "Mozilla/5.0 (Windows NT 6.3; WOW64) AppleWebKit/537.36 (KHTML, like Gecko) Chrome/42.0.0.10338 Safari/537.36"
::1 - - [25/Nov/2015:10:11:27 +0000] "DELETE /api/restaurants/565440be9a74fe0a2b5 HTTP/1.1" 404 51 "-" "Mozilla/5.0 (Windows NT 6.3; WOW64) AppleWebKit/537.36 (KHTML, like Gecko) Chrome/42.0.0.10338 Safari/537.36"
::1 - - [25/Nov/2015:10:12:39 +0000] "DELETE /api/restaurants/565440be9a74fe0a2b5 HTTP/1.1" 404 51 "-" "Mozilla/5.0 (Windows NT 6.3; WOW64) AppleWebKit/537.36 (KHTML, like Gecko) Chrome/42.0.0.10338 Safari/537.36"
::1 - - [25/Nov/2015:10:12:40 +0000] "DELETE /api/restaurants/565440be9a74fe0a2b5 HTTP/1.1" 404 51 "-" "Mozilla/5.0 (Windows NT 6.3; WOW64) AppleWebKit/537.36 (KHTML, like Gecko) Chrome/42.0.0.10338 Safari/537.36"
::1 - - [25/Nov/2015:10:14:43 +0000] "DELETE /api/restaurants/565440be9a74fe0a2b5 HTTP/1.1" 404 51 "-" "Mozilla/5.0 (Windows NT 6.3; WOW64) AppleWebKit/537.36 (KHTML, like Gecko) Chrome/42.0.0.10338 Safari/537.36"
::1 - - [25/Nov/2015:10:14:43 +0000] "DELETE /api/restaurants/565440be9a74fe0a2b5 HTTP/1.1" 404 51 "-" "Mozilla/5.0 (Windows NT 6.3; WOW64) AppleWebKit/537.36 (KHTML, like Gecko) Chrome/42.0.0.10338 Safari/537.36"
